|SourceProjectName:SACI.hpr
|DestinationProjectName:SACI.htm
whhost.js
whmsg.js
whmozemu.js
whproxy.js
whstub.js
whutils.js
whver.js
whform.js
whphost.js
whstart.js
whtopic.js
whframes.js
whlang.js
whskin_info.htm
whskin_blank.htm
whskin_pickup.htm
whskin_homepage.htm
whskin_tw.htm
whnjs.htm
whthost.js
whtdhtml.htm
whihost.js
whibody.htm
whiform.htm
whfhost.js
whfbody.htm
whfform.htm
whghost.js
whgbody.htm
whgdhtml.htm
whgdef.htm
whproj.js
whproj.xml
whproj.htm
whxdata\whtoc.xml
whxdata\whidx.xml
whxdata\whfts.xml
whxdata\whglo.xml
whdata\whtoc.js
whdata\whtoc.htm
whdata\whtdata.js
whdata\whidx.js
whdata\whidx.htm
whdata\whidata.js
whdata\whfts.js
whdata\whfts.htm
whdata\whglo.js
whdata\whglo.htm
whdata\whgdata.js
whdata\whftdata.js
whdata\whfwdata.js
whres.xml
WebHelp.jar
WebHelp.cab
cshdat_robohelp.htm
wht_tab0.gif
wht_tab1.gif
wht_tab2.gif
wht_tab3.gif
wht_tab4.gif
wht_tab5.gif
wht_tab6.gif
wht_tab7.gif
wht_tab8.gif
wht_glo_h.gif
wht_glo_n.gif
wht_fts_h.gif
wht_fts_n.gif
wht_idx_h.gif
wht_idx_n.gif
wht_toc_h.gif
wht_toc_n.gif
wht_ws.gif
wht_ws_g.gif
wht_logo1.gif
wht_logo2.gif
wht_abgw.jpg
wht_abgi.jpg
wht_abge.jpg
wht_abtw.jpg
wht_abte.jpg
wht_abti.jpg
wht_spac.gif
wht_next.gif
wht_next_g.gif
wht_prev.gif
wht_prev_g.gif
wht_sync.gif
wht_hide.gif
wht_go.gif
whstart.ico
whestart.ico
whrstart.ico
whidhtml.htm
whfdhtml.htm
whskin_banner.htm
whtbar.js
whskin_pdhtml.htm
whskin_papplet.htm
whskin_plist.htm
whskin_tbars.htm
whskin_mbars.htm
wht_toc4.gif
wht_toc1.gif
wht_toc2.gif
wht_toc3.gif
whskin_frmset010.htm
whst_topics.xml
whskin_frmset01.htm
whskin_ep_ins.xml
whskin_ep_start.htm
SACI_hha.hhk
SACI.hhc
SACI.hhk
Autogesti_n\Autogesti_n.htm
Catalogos\Actividad_econ_mica.htm
Catalogos\Atributos_Extendidos.htm
Catalogos\Clase_de_Cuenta.htm
Catalogos\Compa__a_de_Medios.htm
Catalogos\Entidades_Financieras.htm
Catalogos\Grupo_de_Cobro.htm
Catalogos\Inconsistencias.htm
Catalogos\Localidad.htm
Catalogos\Moneda.htm
Catalogos\Motivo_de_retiro.htm
Catalogos\Oficina_Postal.htm
Catalogos\Pa_s.htm
Catalogos\Raz_n_de_bloqueo.htm
Catalogos\servicio.htm
Catalogos\Sobre_de_acceso.htm
Catalogos\Tarifa.htm
Catalogos\Tipo_de_Garant_a.htm
Catalogos\Valores_del_atributo.htm
Entidades\Agente_Autorizado.htm
Entidades\Cuenta.htm
Entidades\Login.htm
Entidades\Persona.htm
Entidades\Producto.htm
Entidades\Prospecto.htm
Entidades\Vendedor.htm
Lista_de_Valores\Datos_B_sicos.htm
Lista_de_Valores\D_a_de_la_semana.htm
Lista_de_Valores\Enviar_copia.htm
Lista_de_Valores\Estado.htm
Lista_de_Valores\Estado_de_la_inconsistencia.htm
Lista_de_Valores\Estado_de_la_raz_n_de_bloqueo.htm
Lista_de_Valores\Estado_del_prepago.htm
Lista_de_Valores\Estado_del_sobre.htm
Lista_de_Valores\Estadop_de_la_cuenta.htm
Lista_de_Valores\Forma_de_cobro.htm
Lista_de_Valores\Personer_a.htm
Lista_de_Valores\Responsable.htm
Lista_de_Valores\Severidad_de_la_inconsistencia.htm
Lista_de_Valores\Tipo_de_dato.htm
Lista_de_Valores\Tipo_de_env_o.htm
Lista_de_Valores\Tipo_de_incidencia.htm
Lista_de_Valores\Tipos_de_Comisi_n.htm
Lista_de_Valores\Tipos_de_representante.htm
Lista_de_Valores\Unidad_de_Cobro.htm
Lista_de_Valores\Valoraci_n_de_incidencia.htm
Procesos\Administraci_n_de_cuentas.htm
Procesos\Administraci_n_de_Prepagos.htm
Procesos\Administraci_n_de_Usuarios_900.htm
Procesos\Administraci_n_de_ventas.htm
Procesos\Aprobaci_n_de_ventas.htm
Procesos\Atenci_n_de_prospectos.htm
Procesos\Consulta_de_tr_fico.htm
Procesos\Funciones_sobre_clientes.htm
Procesos\Funciones_sobre_cuentas.htm
Procesos\Funciones_sobre_logines.htm
Procesos\Funciones_sobre_paquetes.htm
Procesos\Incidencias_del_Agente.htm
Procesos\Revisa_unicidad.htm
Procesos\Seguimiento_de_ventas_general.htm
Procesos\Venta_de_servicios.htm
Uso_del_Aplicativo\Calendario.htm
Uso_del_Aplicativo\Cat_logo_preestablecido.htm
Uso_del_Aplicativo\Formulario_de_Consulta.htm
Uso_del_Aplicativo\Formulario_selector.htm
Uso_del_Aplicativo\Lista.htm
Uso_del_Aplicativo\Lista_de_Selecci_n.htm
Uso_del_Aplicativo\Opci_n_de_ejecuci_n.htm
Uso_del_Aplicativo\Plantilla_de_registro.htm
Uso_del_Aplicativo\Portlet.htm
Uso_del_Aplicativo\Usuario.htm
eHelp.xml
RoboHHRE.lng
SACI.glo
default.css
Recursos\Anotaciones.jpg
Recursos\Referencia.gif
Recursos\selecci_n.jpg
Recursos\listainic.jpg
Recursos\outcta0.gif
Recursos\bgyellow.jpg
Recursos\ReferenciaRapida.gif
Recursos\ok.jpg
Recursos\desactivar.jpg
Recursos\date.gif
Recursos\activar.jpg
Recursos\outlineClick2.gif
Recursos\asignacion.jpg
Recursos\i_black_sm.jpg
Recursos\listafinal.jpg
Recursos\calendario.jpg
Recursos\vi_eta.jpg
Recursos\bgred.gif
Recursos\VentaServicios1.gif
Recursos\separador.jpg
Recursos\portletOpcion.jpg
Recursos\VentaServicios2.gif
Recursos\VentaServicios3.gif
Recursos\eliminar.jpg
Recursos\listaborrar.gif
Recursos\VentaServicios4.gif
Recursos\ko.jpg
Recursos\listaante.jpg
Recursos\outlineClick.jpg
Recursos\VentaServicios5.gif
Recursos\VentaServicios6.gif
Recursos\anular.jpg
Recursos\revisa.jpg
Recursos\listaclick.gif
Recursos\filtrar.jpg
Recursos\listasgte.jpg
Recursos\outlog.gif
Recursos\cuentaEstructura.jpg
Recursos\imprimir.jpg
Recursos\VentaServicios8.gif
Recursos\bglime.gif
Recursos\lista.jpg
Recursos\guardar.jpg
Recursos\nuevo.jpg
Recursos\portletTarea.jpg
Recursos\outpaq0.gif
Recursos\outbase.gif
default_ns.css
whxdata\whtdata0.xml
whxdata\whftdata0.xml
whxdata\whfwdata0.xml
whxdata\whgdata0.xml
whdata\whtdata0.htm
whdata\whftdata0.htm
whdata\whfwdata0.htm
whdata\whgdata0.htm
SACI.htm
SACI_rhc.htm
