|SourceProjectName:sif.hpr
|DestinationProjectName:Compras.htm
whhost.js
whmsg.js
whmozemu.js
whproxy.js
whstub.js
whutils.js
whver.js
whform.js
whphost.js
whstart.js
whtopic.js
whframes.js
whlang.js
whskin_info.htm
whskin_blank.htm
whskin_pickup.htm
whskin_homepage.htm
whskin_tw.htm
whnjs.htm
whthost.js
whtdhtml.htm
whihost.js
whibody.htm
whiform.htm
whfhost.js
whfbody.htm
whfform.htm
whghost.js
whgbody.htm
whgdhtml.htm
whgdef.htm
whproj.js
whproj.xml
whproj.htm
whxdata\whtoc.xml
whxdata\whidx.xml
whxdata\whfts.xml
whxdata\whglo.xml
whdata\whtoc.js
whdata\whtoc.htm
whdata\whtdata.js
whdata\whidx.js
whdata\whidx.htm
whdata\whidata.js
whdata\whfts.js
whdata\whfts.htm
whdata\whglo.js
whdata\whglo.htm
whdata\whgdata.js
whdata\whftdata.js
whdata\whfwdata.js
whres.xml
WebHelp.jar
WebHelp.cab
cshdat_robohelp.htm
wht_tab0.gif
wht_tab1.gif
wht_tab2.gif
wht_tab3.gif
wht_tab4.gif
wht_tab5.gif
wht_tab6.gif
wht_tab7.gif
wht_tab8.gif
wht_glo_h.gif
wht_glo_n.gif
wht_fts_h.gif
wht_fts_n.gif
wht_idx_h.gif
wht_idx_n.gif
wht_toc_h.gif
wht_toc_n.gif
wht_ws.gif
wht_ws_g.gif
wht_logo1.gif
wht_logo2.gif
wht_abgw.jpg
wht_abgi.jpg
wht_abge.jpg
wht_abtw.jpg
wht_abte.jpg
wht_abti.jpg
wht_spac.gif
wht_next.gif
wht_next_g.gif
wht_prev.gif
wht_prev_g.gif
wht_sync.gif
wht_hide.gif
wht_go.gif
whstart.ico
whestart.ico
whrstart.ico
whidhtml.htm
whfdhtml.htm
whskin_banner.htm
whtbar.js
whskin_pdhtml.htm
whskin_papplet.htm
whskin_plist.htm
whskin_tbars.htm
whskin_mbars.htm
wht_toc4.gif
wht_toc1.gif
wht_toc2.gif
wht_toc3.gif
whskin_frmset010.htm
whst_topics.xml
whskin_frmset01.htm
whskin_ep_ins.xml
whskin_ep_start.htm
Compras_hha.hhk
Compras.hhc
Compras.hhk
Administraci_n_de_Plazas\Cat_logos\Categor_as_de_Pago.htm
Administraci_n_de_Plazas\Cat_logos\Maestro_de_Puestos_Presupuestarios.htm
Administraci_n_de_Plazas\Cat_logos\Plazas_Presupuestarias.htm
Administraci_n_de_Plazas\Cat_logos\Tipos_de_Movimientos.htm
Administraci_n_de_Plazas\Cat_logos\Tipos_de_Tabla_Salarial.htm
Administraci_n_de_Plazas\Operaci_n\Registro_de_Movimientos_de_Plaza.htm
Administraci_n_de_Puestos\Descripci_n_de_Puestos\Catalogos_Generales.htm
Administraci_n_de_Puestos\Descripci_n_de_Puestos\Configuraci_n_del_Reporte.htm
Administraci_n_de_Puestos\Descripci_n_de_Puestos\Conocimientos.htm
Administraci_n_de_Puestos\Descripci_n_de_Puestos\Datos_Variables.htm
Administraci_n_de_Puestos\Descripci_n_de_Puestos\Habilidades.htm
Administraci_n_de_Puestos\Descripci_n_de_Puestos\Niveles.htm
Administraci_n_de_Puestos\Descripci_n_de_Puestos\Ocupaciones.htm
Administraci_n_de_Puestos\Descripci_n_de_Puestos\Puestos.htm
Administraci_n_de_Puestos\Descripci_n_de_Puestos\Puestos_Externos.htm
Administraci_n_de_Puestos\Descripci_n_de_Puestos\Tipos_de_Puestos.htm
Administraci_n_de_Puestos\Valoraci_n_de_Puestos\Consulta_de_Valoraci_n_de_Puestos.htm
Administraci_n_de_Puestos\Valoraci_n_de_Puestos\Cuadro_Auxiliar_para_Soluci_n_de_Problemas.htm
Administraci_n_de_Puestos\Valoraci_n_de_Puestos\Cuadro_de_Habilidades.htm
Administraci_n_de_Puestos\Valoraci_n_de_Puestos\Cuadro_de_Perfiles_HAY_Caracter_sticos.htm
Administraci_n_de_Puestos\Valoraci_n_de_Puestos\Cuadro_de_Responsabilidad.htm
Administraci_n_de_Puestos\Valoraci_n_de_Puestos\Cuadro_de_Soluci_n_de_Problemas.htm
Administraci_n_de_Puestos\Valoraci_n_de_Puestos\Gr_fico_Hist_rico_Valoraci_n_de_Puestos.htm
Administraci_n_de_Puestos\Valoraci_n_de_Puestos\Gr_fico_Salario_Base_por_Tipos_de_Puestos.htm
Administraci_n_de_Puestos\Valoraci_n_de_Puestos\Gr_fico_Salario_Base_vs_Puntos.htm
Administraci_n_de_Puestos\Valoraci_n_de_Puestos\Registro_de_Relaci_n_de_Valoraci_n_de_Puestos.htm
Autogesti_n\Autogesti_n\Aprobaci_n_de_Tr_mites.htm
Autogesti_n\Autogesti_n\Cambios_Salariales.htm
Autogesti_n\Autogesti_n\Citas_M_dicas.htm
Autogesti_n\Autogesti_n\Concursos_Abiertos.htm
Autogesti_n\Autogesti_n\Iniciar_Tr_mite.htm
Autogesti_n\Autogesti_n\Justificaci_n_Adelantada_de_Marca.htm
Autogesti_n\Autogesti_n\Justificaci_n_Adelantada_de_Marca_para_Jefe.htm
Autogesti_n\Autogesti_n\Mi_Expediente.htm
Autogesti_n\Autogesti_n\Reloj_Marcador.htm
Autogesti_n\Autogesti_n\Solicitud_Apertura_de_Concursos.htm
Autogesti_n\Autogesti_n\Solicitud_de_Documentos.htm
Autogesti_n\Autogesti_n\Solicitud_de_Plazas.htm
Autogesti_n\Autogesti_n\Tr_mites_Pendientes.htm
Autogesti_n\Desarrollo\Autoevaluaci_n_del_Desempe_o.htm
Autogesti_n\Desarrollo\Automatr_cula_de_Cursos.htm
Autogesti_n\Desarrollo\Evaluaciones_del_Desempe_o_Pendientes.htm
Autogesti_n\Desarrollo\Solicitud_de_Capacitaci_n.htm
Compras\Cat_logos\Compradores.htm
Compras\Cat_logos\Confguraci_n_Tipos_de_Solicitud.htm
Compras\Cat_logos\Contratos.htm
Compras\Cat_logos\Formas_de_Pago.htm
Compras\Cat_logos\Grupos_de_Criterios_de_Comparaci_n.htm
Compras\Cat_logos\Seguros.htm
Compras\Cat_logos\Solicitantes.htm
Compras\Cat_logos\Tipos_de_Documentos.htm
Compras\Cat_logos\Tipos_de_Orden_de_Compra.htm
Compras\Cat_logos\Tipos_de_Transacci_n.htm
Compras\Cat_logos\T_rminos_Internacionales_de_Comercio.htm
Compras\C_lculo_de_Importaci_n\1_-_Registro_de_Transacciones.htm
Compras\C_lculo_de_Importaci_n\2_-_Anulaci_n_de_Transacciones.htm
Compras\C_lculo_de_Importaci_n\3_-_P_lizas_de_Desalmacenaje.htm
Compras\C_lculo_de_Importaci_n\4_-_Administraci_n_de_Embarques.htm
Compras\C_lculo_de_Importaci_n\5_-_Seguimiento_de_Embarques.htm
Compras\Otras_Opciones_de_Compra\9_-_Generaci_n_de_Embarques_por__rdenes_de_Compra_(OC).htm
Compras\Otras_Opciones_de_Compra\Cancelaci_n_de_Solicitudes_de_Compra.htm
Compras\Otras_Opciones_de_Compra\Cancelaci_n_de__rdenes_de_Compra.htm
Compras\Otras_Opciones_de_Compra\Reasignar_Cargas_de_Trabajo_(Solicitudes_de_Compra).htm
Compras\Otras_Opciones_de_Compra\Reasignar__rdenes_de_Compra.htm
Compras\Otras_Opciones_de_Compra\Reimpresi_n_de_Solicitudes_de_Compra.htm
Compras\Otras_Opciones_de_Compra\Reimpresi_n_de__rdenes_de_Compra.htm
Compras\Otras_Opciones_de_Compra\Solicitudes_de_Compra_Rechazadas.htm
Compras\Otras_Opciones_de_Compra\_rdenes_de_Compra_Rechazadas.htm
Compras\Proceso_de_Compra\Evaluaci_n_de_Cotizaciones.htm
Compras\Proceso_de_Compra\Ordenes_de_Compra.htm
Compras\Proceso_de_Compra\Publicaci_n_de_Compra.htm
Compras\Proceso_de_Compra\Registro_de_Solicitudes_de_Compra.htm
Compras\Recepci_n_y_Reclamo\Liquidaci_n_de_Saldos_de_Orden_de_Compra.htm
Compras\Recepci_n_y_Reclamo\Registro_de_Documentos_de_Devoluci_n.htm
Compras\Recepci_n_y_Reclamo\Registro_de_Documentos_de_Recepci_n.htm
Compras\Recepci_n_y_Reclamo\Trabajar_con_Reclamos.htm
Contabilidad\Cat_logos\Catalogos.htm
Contabilidad\Cat_logos\ConceptoContableE.htm
Contabilidad\Cat_logos\CuentasContables.htm
Contabilidad\Cat_logos\CuentasMayor.htm
Contabilidad\Cat_logos\Htipocambio.htm
Contabilidad\Cat_logos\MascarasCuentas.htm
Contabilidad\Cat_logos\Monedas.htm
Contabilidad\Consultas\BalCompR.htm
Contabilidad\Consultas\BalGeneral.htm
Contabilidad\Consultas\PolizaContable.htm
Contabilidad\Consultas\RCuentas.htm
Contabilidad\Consultas\saldosymov.htm
Contabilidad\Procesos\CierreAuxiliar.htm
Contabilidad\Procesos\CierreMes.htm
Contabilidad\Procesos\CopiaAsientos.htm
Contabilidad\Procesos\DocumentosContables.htm
Estructura_Salarial\Cat_logos\Componentes_Salariales.htm
Estructura_Salarial\Cat_logos\Creaci_n_y_Mantenimiento_de_Escalas_Salariales.htm
Expediente_Y_N_mina\Operaci_n\Aprobaci_n_de_Tr_mites.htm
Expediente_Y_N_mina\Operaci_n\Boleta_de_Liquidacion_Laboral.htm
Expediente_Y_N_mina\Operaci_n\Cambio_de_Fecha_Anualidad___Vacaciones.htm
Expediente_Y_N_mina\Operaci_n\Confecci_n_de_Liquidaci_n_de_Personal.htm
Expediente_Y_N_mina\Operaci_n\Contabiliza_N_mina_desde_Hist_rico_de_N_minas.htm
Expediente_Y_N_mina\Operaci_n\Mantenimiento_de_Empleados.htm
Expediente_Y_N_mina\Operaci_n\Proceso_de_Anulaci_n_de_Acciones.htm
Expediente_Y_N_mina\Operaci_n\Registro_de_Acciones_de_Personal.htm
Expediente_Y_N_mina\Operaci_n\Registro_de_Acciones_Masivas_de_Personal.htm
Expediente_Y_N_mina\Operaci_n\Registro_de_Deducciones.htm
Expediente_Y_N_mina\Operaci_n\Registro_de_Expedientes.htm
Expediente_Y_N_mina\Operaci_n\Registro_de_Incidencias.htm
Expediente_Y_N_mina\Operaci_n\Registro_de_Relaciones_de_Aumento.htm
Expediente_Y_N_mina\Operaci_n\Registro_de_Relaciones_de_C_lculo.htm
Expediente_Y_N_mina\Operaci_n\Registro_de_Relaciones_de_C_lculo_Especiales.htm
Inicio.htm
Par_metros_RH\Administraci_n_de_N_mina\Cargas_Obrero-Patronales.htm
Par_metros_RH\Administraci_n_de_N_mina\Certificaciones_RH.htm
Par_metros_RH\Administraci_n_de_N_mina\Componentes_Salariales.htm
Par_metros_RH\Administraci_n_de_N_mina\Conceptos_de_Pago.htm
Par_metros_RH\Administraci_n_de_N_mina\Etiquetas_por_Empresa.htm
Par_metros_RH\Administraci_n_de_N_mina\R_gimen_de_Antiguedad_Laboral.htm
Par_metros_RH\Administraci_n_de_N_mina\Tipos_de_Acci_n.htm
Par_metros_RH\Administraci_n_de_N_mina\Tipos_de_Acci_n_Masiva.htm
Par_metros_RH\Administraci_n_de_N_mina\Tipos_de_Deducci_n.htm
Par_metros_RH\Administraci_n_de_N_mina\Tipos_de_N_mina.htm
Par_metros_RH\Estructura_Organizacional\Bancos.htm
Par_metros_RH\Estructura_Organizacional\Centros_Funcionales.htm
Par_metros_RH\Estructura_Organizacional\Conceptos_por_Tipo_de_Expediente.htm
Par_metros_RH\Estructura_Organizacional\Definici_n_de_Tr_mites.htm
Par_metros_RH\Estructura_Organizacional\Departamentos.htm
Par_metros_RH\Estructura_Organizacional\Feriados.htm
Par_metros_RH\Estructura_Organizacional\Jornadas.htm
Par_metros_RH\Estructura_Organizacional\Niveles_Profesionales.htm
Par_metros_RH\Estructura_Organizacional\Oficinas.htm
Par_metros_RH\Estructura_Organizacional\Puestos.htm
Par_metros_RH\Estructura_Organizacional\Tipos_de_Expedientes.htm
Par_metros_RH\Par_metros_Generales\Cuestionarios.htm
Par_metros_RH\Par_metros_Generales\Par_metros_Generales.htm
Par_metros_RH\Par_metros_Generales\Tipos_de_Empleado.htm
Par_metros_RH\Par_metros_Generales\Zonas_Econ_micas.htm
Planilla_Presupuestaria\Cat_logos\Categor_as_de_PAgo.htm
Planilla_Presupuestaria\Cat_logos\Maestro_de_Puestos_Presupuestarios.htm
Planilla_Presupuestaria\Cat_logos\Relaci_n_de_Categor_as___Puesto_por_Tabla..htm
Planilla_Presupuestaria\Cat_logos\Tipos_de_Tabla_Salarial.htm
Planilla_Presupuestaria\Operaci_n\Escenarios.htm
Planilla_Presupuestaria\Operaci_n\Solicitud_de_Plazas.htm
Presupuesto\Consultas\3_-_Consulta_de_Rechazos_Presupuestarios_(NRPs).htm
Presupuesto\Consultas\Consulta_Control_de_Presupuesto.htm
Presupuesto\Consultas\Consulta_de_Autorizaciones_Presupuestarias_(NAPs).htm
Presupuesto\Consultas\Consulta_Proyecci_n_de_Tipos_de_Cambio..htm
Presupuesto\Formulaci_n_de_Presupuesto\11_-_Exportar_Ejecuciones_Reales_de_un_Periodo.htm
Presupuesto\Formulaci_n_de_Presupuesto\12_-_Importar_Versi_n_de_Formulaci_n.htm
Presupuesto\Formulaci_n_de_Presupuesto\1_-_Periodos_Presupuestarios.htm
Presupuesto\Formulaci_n_de_Presupuesto\2_-_Liquidaci_n_de_Periodos_Presupuestarios.htm
Presupuesto\Formulaci_n_de_Presupuesto\3_-_Cuentas_Vinculadas.htm
Presupuesto\Formulaci_n_de_Presupuesto\4_-_Versiones_de_Formulaci_n_de_Presupuesto.htm
Presupuesto\Formulaci_n_de_Presupuesto\6_-_Formular_Versi_n_Base.htm
Presupuesto\Formulaci_n_de_Presupuesto\7_-_Formular_Versi_n_Usuario.htm
Presupuesto\Formulaci_n_de_Presupuesto\Aprobar_Versi_n_de_Formulaci_n.htm
Presupuesto\Formulaci_n_de_Presupuesto\Exportar_Formulaciones_Aprobadas_de_un_Periodo.htm
Presupuesto\Formulaci_n_de_Presupuesto\Formular_Versi_n_Final.htm
Presupuesto\Formulaci_n_de_Presupuesto\Tipos_de_Cambio_Proyectados_por_Mes.htm
Presupuesto\Otras_Opciones_en_Presupuesto\1_-_Importar_Cat_logos.htm
Presupuesto\Plan_de_CtasFinancieras\Plan_de_Cuentas_Financieras.htm
Presupuesto\Reportes\Reportes_de_Documentos_de_Presupuesto.htm
Presupuesto\Reportes\Reportes_de_Liquidaci_n_de_Periodos_Presupuestarios.htm
Presupuesto\Reportes\Reportes_de_Movimientos_de_Presupuesto.htm
Presupuesto\Reportes\Reportes_de_Saldos_de_Control_de_Presupuesto.htm
Presupuesto\Reportes\Reportes_de_Versiones_de_Formulaci_n.htm
Presupuesto\Seguridad_de_Presupuesto\2_-_Seguridad_por_Usuario..htm
Presupuesto\Seguridad_de_Presupuesto\Seguridad_por_Centros_Funcionales.htm
Presupuesto\Transacciones_de_Presupuesto\1_-_Reserva_de_Presupuesto.htm
Presupuesto\Transacciones_de_Presupuesto\3_-_Registro_de_Traslados_de_Presupuesto.htm
Presupuesto\Transacciones_de_Presupuesto\6_-_Cancelaci_n_de_NRPs_Aprobados_sin_Aplicar.htm
Presupuesto\Transacciones_de_Presupuesto\7_-_Apertura_de_Control_por_M_dulos_Origen.htm
Presupuesto\Transacciones_de_Presupuesto\Aprobaci_n_de_Rechazos_Presupuestarios_(NRPs).htm
Presupuesto\Transacciones_de_Presupuesto\Aprobaci_n_de_Traslados_de_Presupuesto.htm
Presupuesto\Transacciones_de_Presupuesto\Liberaci_n_de_Reserva_de_Presupuesto.htm
Recepci_n_de_Pagos\Cat_logos\Formatos_de__Exportaci_n.htm
Recepci_n_de_Pagos\Operaci_n\Exportaci_n_de_Archivos_de_N_mina.htm
Recepci_n_de_Pagos\Operaci_n\Registro_de_Pago_de_N_mina.htm
Recepci_n_de_Pagos\Operaci_n\Verificaci_n_de_N_mina.htm
eHelp.xml
RoboHHRE.lng
Compras.glo
default.css
Planilla_Presupuestaria\Operaci_n\Icono1.jpg
Planilla_Presupuestaria\Operaci_n\Escenarios4.jpg
Expediente_Y_N_mina\Operaci_n\Boton13.jpg
Expediente_Y_N_mina\Operaci_n\CambFechaAnulVac3.jpg
Expediente_Y_N_mina\Operaci_n\AprobTr_mites2.jpg
Expediente_Y_N_mina\Operaci_n\RegRelCalEsp2.jpg
Expediente_Y_N_mina\Operaci_n\RegRelCal5.jpg
Expediente_Y_N_mina\Operaci_n\Boton3.jpg
Expediente_Y_N_mina\Operaci_n\Icono14.jpg
Expediente_Y_N_mina\Operaci_n\RegRelAument4.jpg
Expediente_Y_N_mina\Operaci_n\Icono9.jpg
Expediente_Y_N_mina\Operaci_n\MantEmpleados8.jpg
Administraci_n_de_Puestos\Descripci_n_de_Puestos\DatosVar2.jpg
Administraci_n_de_Puestos\Descripci_n_de_Puestos\Puesto12.jpg
Administraci_n_de_Puestos\Descripci_n_de_Puestos\Boton2.jpg
Autogesti_n\Autogesti_n\Boton16.jpg
Autogesti_n\Autogesti_n\SolicPlaza1.jpg
Autogesti_n\Autogesti_n\CitasMedi4.jpg
Autogesti_n\Autogesti_n\MiExp4.JPG
Autogesti_n\Autogesti_n\TramitesPendi1.jpg
Estructura_Salarial\Cat_logos\CreaMantEscaSalariales6.jpg
Recepci_n_de_Pagos\Operaci_n\Boton7.jpg
Recepci_n_de_Pagos\Operaci_n\ExpArchiNom2.jpg
Par_metros_RH\Estructura_Organizacional\Boton7.jpg
Par_metros_RH\Administraci_n_de_N_mina\CargaOP2.jpg
Par_metros_RH\Administraci_n_de_N_mina\TiposN_mina1.jpg
Presupuesto\Reportes\RepVerFormul02.jpg
Presupuesto\Reportes\bImprimir.jpg
Presupuesto\Transacciones_de_Presupuesto\AprobTrasl01.jpg
Presupuesto\Transacciones_de_Presupuesto\RegTrasPresup05.jpg
Presupuesto\Formulaci_n_de_Presupuesto\AproVerFinal01.jpg
Presupuesto\Formulaci_n_de_Presupuesto\VerPresup06.jpg
Presupuesto\Formulaci_n_de_Presupuesto\CtasVincul03.jpg
Presupuesto\Formulaci_n_de_Presupuesto\bImportar.jpg
Compras\C_lculo_de_Importaci_n\PolDesalm03.jpg
Compras\C_lculo_de_Importaci_n\bGtosImp.jpg
Compras\Otras_Opciones_de_Compra\GenerEmbOC01.jpg
Compras\Otras_Opciones_de_Compra\ReasigCargTrab01.jpg
Compras\Otras_Opciones_de_Compra\CancOrdComp01.jpg
Compras\Recepci_n_y_Reclamo\bLiquidar.jpg
Compras\Proceso_de_Compra\EvaCotiz04.jpg
Compras\Proceso_de_Compra\bSeguim.jpg
baby_right.jpg
Compras\Cat_logos\Contratos01.jpg
Contabilidad\Consultas\Cuentas_contables2.JPG
Contabilidad\Consultas\Cfinclude.gif
Planilla_Presupuestaria\Operaci_n\Escenarios5.jpg
Planilla_Presupuestaria\Operaci_n\Icono2.jpg
Planilla_Presupuestaria\Cat_logos\MaestPtosPresup1.jpg
Expediente_Y_N_mina\Operaci_n\AprobTr_mites3.jpg
Expediente_Y_N_mina\Operaci_n\RegRelCalEsp3.jpg
Expediente_Y_N_mina\Operaci_n\RegRelCal6.jpg
Expediente_Y_N_mina\Operaci_n\Icono15.jpg
Expediente_Y_N_mina\Operaci_n\Boton4.jpg
Expediente_Y_N_mina\Operaci_n\MantEmpleados9.jpg
Administraci_n_de_Puestos\Valoraci_n_de_Puestos\ConsulValPuestos1.jpg
Administraci_n_de_Puestos\Valoraci_n_de_Puestos\RegRelVlPuestos2.jpg
Administraci_n_de_Puestos\Valoraci_n_de_Puestos\RegRelValPuestos1.jpg
Administraci_n_de_Puestos\Descripci_n_de_Puestos\Boton3.jpg
Autogesti_n\Autogesti_n\Icono1.jpg
Autogesti_n\Autogesti_n\MiExp5.JPG
Autogesti_n\Autogesti_n\TramitesPendi2.jpg
Estructura_Salarial\Cat_logos\CreaMantEscaSalariales7.jpg
Recepci_n_de_Pagos\Operaci_n\Boton8.jpg
Recepci_n_de_Pagos\Operaci_n\ExpArchiNom3.jpg
Par_metros_RH\Estructura_Organizacional\Oficinas1.JPG
Par_metros_RH\Administraci_n_de_N_mina\RegAntigLaboral1.jpg
Par_metros_RH\Administraci_n_de_N_mina\ConcepPago1.jpg
Par_metros_RH\Administraci_n_de_N_mina\TiposN_mina2.jpg
Presupuesto\Reportes\RepSaldConPresup01.jpg
Presupuesto\Transacciones_de_Presupuesto\bReporte.jpg
Presupuesto\Transacciones_de_Presupuesto\AprobRechaz01.jpg
Presupuesto\Transacciones_de_Presupuesto\AprobTrasl02.jpg
Presupuesto\Transacciones_de_Presupuesto\RegTrasPresup06.jpg
Presupuesto\Formulaci_n_de_Presupuesto\AproVerFinal02.jpg
Presupuesto\Formulaci_n_de_Presupuesto\VerPresup07.jpg
Presupuesto\Formulaci_n_de_Presupuesto\CtasVincul04.jpg
Presupuesto\Formulaci_n_de_Presupuesto\bGenLiq.jpg
Compras\Otras_Opciones_de_Compra\ReasigCargTrab02.jpg
Compras\Proceso_de_Compra\EvaCotiz05.jpg
Compras\Proceso_de_Compra\bactulnumparte.jpg
Compras\Cat_logos\TerInterComer01.jpg
Compras\Cat_logos\Contratos02.jpg
Compras\Cat_logos\b--Anterior.jpg
Contabilidad\Consultas\Saldos_movimientos_reporte.JPG
Contabilidad\Procesos\Registro_documentos_contables.JPG
Par_metros_RH\Par_metros_Generales\Cuestionarios1.jpg
Par_metros_RH\Par_metros_Generales\ZonasEcono1.jpg
Planilla_Presupuestaria\Operaci_n\Icono3.jpg
Planilla_Presupuestaria\Operaci_n\Escenarios6.jpg
Expediente_Y_N_mina\Operaci_n\RegRelCalEsp4.jpg
Expediente_Y_N_mina\Operaci_n\Icono16.jpg
Expediente_Y_N_mina\Operaci_n\RegRelCal7.jpg
Expediente_Y_N_mina\Operaci_n\Boton5.jpg
Expediente_Y_N_mina\Operaci_n\RegAccMasivasPersonal1.jpg
Administraci_n_de_Puestos\Valoraci_n_de_Puestos\ConsulValPuestos2.jpg
Administraci_n_de_Plazas\Cat_logos\PlazPresup1.jpg
Autogesti_n\Autogesti_n\Icono2.jpg
Autogesti_n\Autogesti_n\Boton18.jpg
Autogesti_n\Autogesti_n\TramitesPendi3.jpg
Estructura_Salarial\Cat_logos\CreaMantEscaSalariales8.jpg
Recepci_n_de_Pagos\Operaci_n\Boton10.jpg
Recepci_n_de_Pagos\Operaci_n\Boton9.jpg
Recepci_n_de_Pagos\Operaci_n\ExpArchiNom4.jpg
Par_metros_RH\Estructura_Organizacional\DefTr_mites1.jpg
Par_metros_RH\Administraci_n_de_N_mina\RegAntigLaboral2.jpg
Par_metros_RH\Administraci_n_de_N_mina\ConcepPago2.jpg
Presupuesto\Reportes\RepSaldConPresup02.jpg
Presupuesto\Consultas\ConControlPresup01.jpg
Presupuesto\Seguridad_de_Presupuesto\SegXCtoFun01.jpg
Presupuesto\Transacciones_de_Presupuesto\AprobRechaz02.jpg
Presupuesto\Transacciones_de_Presupuesto\bRechazar.jpg
Presupuesto\Transacciones_de_Presupuesto\RegTrasPresup07.jpg
Presupuesto\Formulaci_n_de_Presupuesto\bAprobar.jpg
Presupuesto\Formulaci_n_de_Presupuesto\AproVerFinal03.jpg
Presupuesto\Formulaci_n_de_Presupuesto\FVFinal01.jpg
Presupuesto\Formulaci_n_de_Presupuesto\VerPresup08.jpg
Presupuesto\Formulaci_n_de_Presupuesto\bAgregar.jpg
Compras\Proceso_de_Compra\EvaCotiz06.jpg
Compras\Proceso_de_Compra\bNewCotiProc.jpg
Compras\Proceso_de_Compra\bListaProc.jpg
Compras\Cat_logos\Contratos03.jpg
Compras\Cat_logos\bX.jpg
Compras\Cat_logos\bfinalizar--.jpg
Par_metros_RH\Par_metros_Generales\Cuestionarios2.jpg
Planilla_Presupuestaria\Operaci_n\Icono4.jpg
Planilla_Presupuestaria\Operaci_n\Escenarios7.jpg
Expediente_Y_N_mina\Operaci_n\ContNomHisNom1.jpg
Expediente_Y_N_mina\Operaci_n\RegRelCalEsp5.jpg
Expediente_Y_N_mina\Operaci_n\RegRelCal8.jpg
Expediente_Y_N_mina\Operaci_n\Icono17.jpg
Expediente_Y_N_mina\Operaci_n\Boton6.jpg
Expediente_Y_N_mina\Operaci_n\RegAccMasivasPersonal2.jpg
Administraci_n_de_Puestos\Valoraci_n_de_Puestos\ConsulValPuestos3.jpg
Administraci_n_de_Puestos\Descripci_n_de_Puestos\Puesto1.jpg
Administraci_n_de_Puestos\Descripci_n_de_Puestos\Habilid1.jpg
Administraci_n_de_Plazas\Cat_logos\TipTabSal1.jpg
Autogesti_n\Autogesti_n\SolicDoc1.jpg
Autogesti_n\Autogesti_n\Boton19.jpg
Par_metros_RH\Estructura_Organizacional\DefTr_mites2.jpg
image2.jpg
Par_metros_RH\Administraci_n_de_N_mina\ConcepPago3.jpg
Presupuesto\Consultas\ConControlPresup02.jpg
Presupuesto\Seguridad_de_Presupuesto\SegXCtoFun02.jpg
Presupuesto\Transacciones_de_Presupuesto\AprobRechaz03.jpg
Presupuesto\Transacciones_de_Presupuesto\bGuardarDet.jpg
Presupuesto\Formulaci_n_de_Presupuesto\AproVerFinal04.jpg
Presupuesto\Formulaci_n_de_Presupuesto\FVFinal02.jpg
Presupuesto\Formulaci_n_de_Presupuesto\FVUsuario01.jpg
baby_right.gif
Compras\Proceso_de_Compra\bAplicar.jpg
Compras\Proceso_de_Compra\SolicComp01.jpg
Compras\Cat_logos\bAgregar.jpg
Contabilidad\Procesos\findsmall.gif
Par_metros_RH\Par_metros_Generales\Cuestionarios3.jpg
Planilla_Presupuestaria\Operaci_n\Escenarios8.jpg
Planilla_Presupuestaria\Cat_logos\CatPag1.jpg
Expediente_Y_N_mina\Operaci_n\Icono18.jpg
Expediente_Y_N_mina\Operaci_n\Boton7.jpg
Expediente_Y_N_mina\Operaci_n\RegRelCal9.jpg
Expediente_Y_N_mina\Operaci_n\RegAccMasivasPersonal3.jpg
Administraci_n_de_Puestos\Valoraci_n_de_Puestos\Boton1.jpg
Administraci_n_de_Puestos\Descripci_n_de_Puestos\Puesto2.jpg
Administraci_n_de_Puestos\Descripci_n_de_Puestos\CataGenerales1.jpg
Administraci_n_de_Puestos\Descripci_n_de_Puestos\Habilid2.jpg
Administraci_n_de_Plazas\Cat_logos\CatPag1.jpg
Par_metros_RH\Estructura_Organizacional\Icono1.jpg
Par_metros_RH\Estructura_Organizacional\Departamentos1.jpg
Par_metros_RH\Administraci_n_de_N_mina\TiposAcci_n1.jpg
Par_metros_RH\Administraci_n_de_N_mina\Boton1.jpg
Presupuesto\Consultas\ConControlPresup03.jpg
Presupuesto\Seguridad_de_Presupuesto\bAgregCompl01.jpg
Presupuesto\Seguridad_de_Presupuesto\bX.jpg
Presupuesto\Transacciones_de_Presupuesto\AprobRechaz04.jpg
Presupuesto\Formulaci_n_de_Presupuesto\bFormular.jpg
Presupuesto\Formulaci_n_de_Presupuesto\AproVerFinal05.jpg
Presupuesto\Formulaci_n_de_Presupuesto\FVFinal03.jpg
Presupuesto\Formulaci_n_de_Presupuesto\FVUsuario02.jpg
Presupuesto\Formulaci_n_de_Presupuesto\bGuardar.jpg
Presupuesto\Plan_de_CtasFinancieras\PlanCtaFinan01.jpg
Compras\C_lculo_de_Importaci_n\SegEmbarq01.jpg
Compras\Recepci_n_y_Reclamo\bAgrNewDet.jpg
Compras\Proceso_de_Compra\bNewCotiProve.jpg
Compras\Proceso_de_Compra\SolicComp02.jpg
Compras\Cat_logos\bmodifica1.jpg
soinpeq.gif
Planilla_Presupuestaria\Operaci_n\Escenarios9.jpg
Expediente_Y_N_mina\Operaci_n\Boton8.jpg
Expediente_Y_N_mina\Operaci_n\RegDeducciones1.jpg
Expediente_Y_N_mina\Operaci_n\RegAccMasivasPersonal4.jpg
Administraci_n_de_Puestos\Descripci_n_de_Puestos\Puesto3.jpg
Administraci_n_de_Puestos\Descripci_n_de_Puestos\CataGenerales2.jpg
Administraci_n_de_Puestos\Descripci_n_de_Puestos\Habilid3.jpg
image4.jpg
Recepci_n_de_Pagos\Operaci_n\Icono1.jpg
Par_metros_RH\Estructura_Organizacional\ConcepTipExp1.jpg
Par_metros_RH\Estructura_Organizacional\Icono2.jpg
Par_metros_RH\Estructura_Organizacional\Jornadas1.jpg
Par_metros_RH\Administraci_n_de_N_mina\CompSalariales1.jpg
Par_metros_RH\Administraci_n_de_N_mina\EtiqPorEmpresa1.JPG
Par_metros_RH\Administraci_n_de_N_mina\TiposAcci_n2.jpg
Par_metros_RH\Administraci_n_de_N_mina\Boton2.jpg
Presupuesto\Reportes\RepMovPresup01.jpg
Presupuesto\Consultas\ConControlPresup04.jpg
Presupuesto\Seguridad_de_Presupuesto\SegXUsuario01.jpg
Presupuesto\Transacciones_de_Presupuesto\AprobRechaz05.jpg
Presupuesto\Transacciones_de_Presupuesto\bMontoLib.jpg
Presupuesto\Formulaci_n_de_Presupuesto\ExpFormAprob01.jpg
Presupuesto\Formulaci_n_de_Presupuesto\bGenExpt.jpg
Presupuesto\Formulaci_n_de_Presupuesto\FVFinal04.jpg
Presupuesto\Formulaci_n_de_Presupuesto\FVUsuario03.jpg
Presupuesto\Plan_de_CtasFinancieras\PlanCtaFinan02.jpg
Compras\Recepci_n_y_Reclamo\bReclamo.jpg
Compras\Proceso_de_Compra\bPaso4.jpg
Compras\Proceso_de_Compra\bnumparte.jpg
Compras\Cat_logos\bGuardar.jpg
Compras\Proceso_de_Compra\bNotas.jpg
Compras\Proceso_de_Compra\SolicComp03.jpg
Contabilidad\Cat_logos\Catalogos_cuentas.JPG
Contabilidad\Cat_logos\Historico_tipo_cambio.JPG
Contabilidad\Consultas\Poliza_contable.JPG
Contabilidad\Procesos\Cierre_mes_contable.JPG
Expediente_Y_N_mina\Operaci_n\Boton9.jpg
Expediente_Y_N_mina\Operaci_n\RegDeducciones2.jpg
Expediente_Y_N_mina\Operaci_n\RegAccMasivasPersonal5.jpg
Administraci_n_de_Puestos\Valoraci_n_de_Puestos\CuadPerfHAYCaract1.JPG
Administraci_n_de_Puestos\Descripci_n_de_Puestos\Puesto4.jpg
Autogesti_n\Desarrollo\SolicCap1.jpg
Recepci_n_de_Pagos\Operaci_n\Icono2.jpg
Par_metros_RH\Estructura_Organizacional\Puestos10.jpg
Par_metros_RH\Estructura_Organizacional\Icono3.jpg
Par_metros_RH\Estructura_Organizacional\ConcepTipExp2.jpg
Par_metros_RH\Estructura_Organizacional\Bancos1.jpg
Par_metros_RH\Administraci_n_de_N_mina\CompSalariales2.jpg
Par_metros_RH\Administraci_n_de_N_mina\Boton3.jpg
Presupuesto\Reportes\RepMovPresup02.jpg
Presupuesto\Consultas\ConControlPresup05.jpg
Presupuesto\Seguridad_de_Presupuesto\SegXUsuario02.jpg
Presupuesto\Formulaci_n_de_Presupuesto\ExpFormAprob02.jpg
Presupuesto\Formulaci_n_de_Presupuesto\FVFinal05.jpg
Presupuesto\Formulaci_n_de_Presupuesto\FVUsuario04.jpg
Presupuesto\Formulaci_n_de_Presupuesto\PeriodPresup01.jpg
Presupuesto\Plan_de_CtasFinancieras\PlanCtaFinan03.jpg
Compras\C_lculo_de_Importaci_n\AdmEmbarq01.jpg
Compras\Recepci_n_y_Reclamo\bAgrLinOC.jpg
Compras\Proceso_de_Compra\bPaso5.jpg
Compras\Proceso_de_Compra\PubliComp10.jpg
Compras\Proceso_de_Compra\SolicComp04.jpg
Compras\Cat_logos\FPago01.jpg
Compras\Cat_logos\bAlmObje01.jpg
Contabilidad\Consultas\Saldos_movimientos.JPG
Planilla_Presupuestaria\Operaci_n\Boton1.jpg
Planilla_Presupuestaria\Cat_logos\TipTabSal1.jpg
Expediente_Y_N_mina\Operaci_n\RegDeducciones3.jpg
Expediente_Y_N_mina\Operaci_n\RegIncidencias1.jpg
Expediente_Y_N_mina\Operaci_n\RegAccMasivasPersonal6.jpg
Administraci_n_de_Puestos\Descripci_n_de_Puestos\Puesto5.jpg
image3.gif
Recepci_n_de_Pagos\Operaci_n\Icono3.jpg
Par_metros_RH\Estructura_Organizacional\Puestos11.jpg
Par_metros_RH\Estructura_Organizacional\Puestos1.jpg
Par_metros_RH\Estructura_Organizacional\Icono4.jpg
Par_metros_RH\Estructura_Organizacional\NivProf1.jpg
Par_metros_RH\Estructura_Organizacional\Bancos2.jpg
Par_metros_RH\Administraci_n_de_N_mina\Boton4.jpg
Par_metros_RH\Administraci_n_de_N_mina\TiposAcci_nMasiva1.jpg
Presupuesto\Otras_Opciones_en_Presupuesto\ImpCatalog01.jpg
Presupuesto\Otras_Opciones_en_Presupuesto\bSiguiente--.jpg
Presupuesto\Consultas\bBuscar.jpg
Presupuesto\Seguridad_de_Presupuesto\SegXUsuario03.jpg
Presupuesto\Transacciones_de_Presupuesto\ApertModOrig01.jpg
Presupuesto\Transacciones_de_Presupuesto\bAAprobar.jpg
Presupuesto\Formulaci_n_de_Presupuesto\FVUsuario05.jpg
Presupuesto\Formulaci_n_de_Presupuesto\FVBase01.jpg
Presupuesto\Plan_de_CtasFinancieras\PlanCtaFinan04.jpg
Compras\C_lculo_de_Importaci_n\AdmEmbarq02.jpg
Compras\C_lculo_de_Importaci_n\bCopiar.jpg
Compras\Otras_Opciones_de_Compra\ReimpSolicComp01.jpg
Compras\Proceso_de_Compra\bFinalizar.jpg
Compras\Proceso_de_Compra\bPaso6.jpg
Compras\Proceso_de_Compra\PubliComp11.jpg
Compras\Proceso_de_Compra\SolicComp05.jpg
Compras\Cat_logos\bGuardarContinuar--.jpg
Contabilidad\Consultas\Cuentas_contables.JPG
Contabilidad\Cat_logos\Cuentas_mayor_hijas.JPG
Planilla_Presupuestaria\Operaci_n\Boton2.jpg
Planilla_Presupuestaria\Operaci_n\Escenarios10.jpg
Expediente_Y_N_mina\Operaci_n\RegDeducciones4.jpg
Expediente_Y_N_mina\Operaci_n\RegIncidencias2.jpg
Expediente_Y_N_mina\Operaci_n\RegAccMasivasPersonal7.jpg
Administraci_n_de_Puestos\Valoraci_n_de_Puestos\CuadAuxSolucProb1.jpg
Administraci_n_de_Puestos\Descripci_n_de_Puestos\ConfigRep1.jpg
Administraci_n_de_Puestos\Descripci_n_de_Puestos\Puesto6.jpg
Administraci_n_de_Plazas\Cat_logos\TipMov1.jpg
Autogesti_n\Desarrollo\Boton2.jpg
Autogesti_n\Autogesti_n\ConcurAbiertos1.jpg
Autogesti_n\Autogesti_n\Boton1.jpg
Recepci_n_de_Pagos\Operaci_n\RegPagoNom1.jpg
Par_metros_RH\Estructura_Organizacional\Puestos2.jpg
Par_metros_RH\Estructura_Organizacional\Icono5.jpg
Par_metros_RH\Estructura_Organizacional\Bancos3.jpg
Par_metros_RH\Administraci_n_de_N_mina\Boton5.jpg
Par_metros_RH\Administraci_n_de_N_mina\TiposAcci_nMasiva2.jpg
Presupuesto\Reportes\RepDocPresup01.jpg
Presupuesto\Otras_Opciones_en_Presupuesto\ImpCatalog02.jpg
Presupuesto\Transacciones_de_Presupuesto\LibPresup01.jpg
Presupuesto\Transacciones_de_Presupuesto\bMaxDispo.jpg
Presupuesto\Formulaci_n_de_Presupuesto\FVBase02.jpg
Presupuesto\Plan_de_CtasFinancieras\PlanCtaFinan05.jpg
Compras\C_lculo_de_Importaci_n\AnulTransac01.jpg
Compras\Otras_Opciones_de_Compra\ReasigOrdComp01.jpg
Compras\Otras_Opciones_de_Compra\CancSolicComp01.jpg
Compras\Recepci_n_y_Reclamo\RegDocRecep01.jpg
Compras\Proceso_de_Compra\PubliComp12.jpg
Compras\Proceso_de_Compra\bExaminar.jpg
Compras\Proceso_de_Compra\PubliComp01.jpg
Compras\Proceso_de_Compra\SolicComp06.jpg
Compras\Cat_logos\checkAutorizador.jpg
Planilla_Presupuestaria\Operaci_n\Escenarios11.jpg
Planilla_Presupuestaria\Cat_logos\RelCatPtoTab1.jpg
Expediente_Y_N_mina\Operaci_n\RegExp1.jpg
Expediente_Y_N_mina\Operaci_n\RegDeducciones5.jpg
Expediente_Y_N_mina\Operaci_n\RegIncidencias3.jpg
Expediente_Y_N_mina\Operaci_n\RegAccMasivasPersonal8.jpg
Expediente_Y_N_mina\Operaci_n\MantEmpleados10.jpg
Expediente_Y_N_mina\Operaci_n\Icono1.jpg
Administraci_n_de_Puestos\Valoraci_n_de_Puestos\CuadAuxSolucProb2.jpg
Administraci_n_de_Puestos\Descripci_n_de_Puestos\Puesto7.jpg
Administraci_n_de_Puestos\Descripci_n_de_Puestos\Icono1.jpg
Administraci_n_de_Puestos\Descripci_n_de_Puestos\TipPuestos1.jpg
Administraci_n_de_Plazas\Cat_logos\TipMov2.jpg
Autogesti_n\Desarrollo\AutoEvaDesemp1.jpg
Autogesti_n\Autogesti_n\ConcurAbiertos2.jpg
Autogesti_n\Autogesti_n\Boton2.jpg
Recepci_n_de_Pagos\Operaci_n\RegPagoNom2.jpg
Par_metros_RH\Estructura_Organizacional\Puestos3.jpg
Par_metros_RH\Estructura_Organizacional\Icono6.jpg
Par_metros_RH\Estructura_Organizacional\Cejilla1.jpg
Par_metros_RH\Estructura_Organizacional\CF1.jpg
Par_metros_RH\Estructura_Organizacional\Bancos4.jpg
Par_metros_RH\Administraci_n_de_N_mina\TiposAcci_nMasiva3.jpg
Presupuesto\Reportes\RepDocPresup02.jpg
Presupuesto\Transacciones_de_Presupuesto\baceptar.jpg
Presupuesto\Transacciones_de_Presupuesto\LibPresup02.jpg
Presupuesto\Formulaci_n_de_Presupuesto\ImpVersFormul01.jpg
Presupuesto\Formulaci_n_de_Presupuesto\FVBase03.jpg
Presupuesto\Plan_de_CtasFinancieras\PlanCtaFinan06.jpg
Compras\C_lculo_de_Importaci_n\bFactLinea.jpg
Compras\C_lculo_de_Importaci_n\AnulTransac02.jpg
Compras\Recepci_n_y_Reclamo\RegDocRecep02.jpg
Compras\Proceso_de_Compra\bCantidad.jpg
Compras\Proceso_de_Compra\PubliComp13.jpg
Compras\Proceso_de_Compra\bImpCotProvee.jpg
Compras\Proceso_de_Compra\PubliComp02.jpg
Compras\Proceso_de_Compra\SolicComp07.jpg
Compras\Cat_logos\Solicitantes01.jpg
Compras\Cat_logos\bAgregarContinuar--.jpg
Par_metros_RH\Par_metros_Generales\TipoEmpleado1.jpg
Planilla_Presupuestaria\Operaci_n\Escenarios12.jpg
Expediente_Y_N_mina\Operaci_n\RegExp2.jpg
Expediente_Y_N_mina\Operaci_n\RegRelCal10.jpg
Expediente_Y_N_mina\Operaci_n\RegAccMasivasPersonal9.jpg
Expediente_Y_N_mina\Operaci_n\Icono2.jpg
Expediente_Y_N_mina\Operaci_n\MantEmpleados1.jpg
Administraci_n_de_Puestos\Descripci_n_de_Puestos\Puesto8.jpg
Administraci_n_de_Puestos\Descripci_n_de_Puestos\Icono2.jpg
Autogesti_n\Autogesti_n\JustifAdelMarcaJefe1.jpg
Autogesti_n\Autogesti_n\ConcurAbiertos3.jpg
Autogesti_n\Autogesti_n\Boton3.jpg
Recepci_n_de_Pagos\Operaci_n\RegPagoNom3.jpg
Par_metros_RH\Estructura_Organizacional\Puestos4.jpg
Par_metros_RH\Estructura_Organizacional\Cejilla2.jpg
Par_metros_RH\Estructura_Organizacional\CF2.jpg
Presupuesto\Reportes\bDownload.jpg
Presupuesto\Transacciones_de_Presupuesto\ReserPresup01.jpg
Presupuesto\Formulaci_n_de_Presupuesto\ImpVersFormul02.jpg
Presupuesto\Formulaci_n_de_Presupuesto\FVBase04.jpg
Compras\Otras_Opciones_de_Compra\bReasignar.jpg
Compras\Recepci_n_y_Reclamo\RegDocRecep03.jpg
Compras\Proceso_de_Compra\bTabla.jpg
Compras\Proceso_de_Compra\PubliComp14.jpg
Compras\Proceso_de_Compra\bImportar.jpg
Compras\Proceso_de_Compra\bVeriAsigLinProc.jpg
Compras\Proceso_de_Compra\bPublicar.jpg
Compras\Proceso_de_Compra\PubliComp03.jpg
Compras\Proceso_de_Compra\SolicComp08.jpg
baby_down.jpg
Compras\Cat_logos\Solicitantes02.jpg
Compras\Cat_logos\TipSolic01.jpg
Compras\Cat_logos\formato_impresi_n.jpg
Contabilidad\Cat_logos\Catalogos_cuentas_encab.JPG
Contabilidad\Cat_logos\Conceptos_contables.JPG
Par_metros_RH\Par_metros_Generales\TipoEmpleado2.jpg
Planilla_Presupuestaria\Operaci_n\Escenarios13.jpg
Expediente_Y_N_mina\Operaci_n\LiqPer1.jpg
Expediente_Y_N_mina\Operaci_n\RegExp3.jpg
Expediente_Y_N_mina\Operaci_n\RegRelCal11.jpg
Expediente_Y_N_mina\Operaci_n\ProcAnulAcc1.jpg
Expediente_Y_N_mina\Operaci_n\Icono3.jpg
Expediente_Y_N_mina\Operaci_n\MantEmpleados2.jpg
Administraci_n_de_Puestos\Descripci_n_de_Puestos\Puesto9.jpg
Administraci_n_de_Puestos\Descripci_n_de_Puestos\Icono3.jpg
Autogesti_n\Autogesti_n\Boton10.jpg
Autogesti_n\Autogesti_n\Boton4.jpg
Estructura_Salarial\Cat_logos\Boton1.jpg
Recepci_n_de_Pagos\Operaci_n\VerifNom1.jpg
Recepci_n_de_Pagos\Operaci_n\Boton1.jpg
Par_metros_RH\Estructura_Organizacional\Puestos5.jpg
Par_metros_RH\Estructura_Organizacional\CF3.jpg
Par_metros_RH\Estructura_Organizacional\Boton1.jpg
Presupuesto\Consultas\ConRechazPresup01.jpg
Presupuesto\Seguridad_de_Presupuesto\bflechis.jpg
Presupuesto\Transacciones_de_Presupuesto\CancNRPAprobSinApli01.jpg
Presupuesto\Transacciones_de_Presupuesto\ReserPresup02.jpg
Presupuesto\Formulaci_n_de_Presupuesto\ImpVersFormul03.jpg
Presupuesto\Formulaci_n_de_Presupuesto\FVBase05.jpg
Compras\Recepci_n_y_Reclamo\bFCalcImp.jpg
Compras\Recepci_n_y_Reclamo\RegDocRecep04.jpg
Compras\Proceso_de_Compra\bEvaluar.jpg
Compras\Proceso_de_Compra\PubliComp15.jpg
Compras\Proceso_de_Compra\bImpCotProcesojpg.jpg
Compras\Proceso_de_Compra\PubliComp04.jpg
Compras\Cat_logos\Seguros01.jpg
Compras\Cat_logos\TipDoc01.jpg
Compras\Cat_logos\GrupCriterios01.jpg
Compras\Cat_logos\Solicitantes03.jpg
Compras\Cat_logos\TipSolic02.jpg
Contabilidad\Cat_logos\Cuentas_mayor.JPG
Contabilidad\Procesos\Cierre_auxiliar.JPG
Par_metros_RH\Par_metros_Generales\ParamGeneales1.jpg
Planilla_Presupuestaria\Operaci_n\SolicPlazas1.jpg
Planilla_Presupuestaria\Operaci_n\Escenarios14.jpg
Expediente_Y_N_mina\Operaci_n\BolLiqLab1.jpg
Expediente_Y_N_mina\Operaci_n\LiqPer2.jpg
Expediente_Y_N_mina\Operaci_n\ProcAnulAcc2.jpg
Expediente_Y_N_mina\Operaci_n\Icono4.jpg
Expediente_Y_N_mina\Operaci_n\MantEmpleados3.jpg
Administraci_n_de_Puestos\Valoraci_n_de_Puestos\CuadResp1.jpg
Administraci_n_de_Puestos\Valoraci_n_de_Puestos\CuadSolucProb1.jpg
Administraci_n_de_Puestos\Valoraci_n_de_Puestos\GragHistValPuestos1.jpg
Administraci_n_de_Plazas\Operaci_n\RegMovPlaza1.jpg
Autogesti_n\Autogesti_n\JustifAdelMarca1.jpg
Autogesti_n\Autogesti_n\RelojMarcad1.jpg
Autogesti_n\Autogesti_n\Boton11.jpg
Autogesti_n\Autogesti_n\Boton5.jpg
Estructura_Salarial\Cat_logos\Boton2.jpg
Estructura_Salarial\Cat_logos\CreaMantEscaSalariales1.jpg
Recepci_n_de_Pagos\Operaci_n\Boton2.jpg
Recepci_n_de_Pagos\Operaci_n\VerifNom2.jpg
Par_metros_RH\Estructura_Organizacional\Puestos6.jpg
Par_metros_RH\Estructura_Organizacional\TipExp1.jpg
Par_metros_RH\Estructura_Organizacional\Boton2.jpg
Presupuesto\Consultas\ConProyTC01.jpg
Presupuesto\Consultas\ConRechazPresup02.jpg
Presupuesto\Transacciones_de_Presupuesto\CancNRPAprobSinApli02.jpg
Presupuesto\Transacciones_de_Presupuesto\bAplicar.jpg
Presupuesto\Formulaci_n_de_Presupuesto\TCProyecXMes01.jpg
Presupuesto\Formulaci_n_de_Presupuesto\bSolicMonedas.jpg
Presupuesto\Formulaci_n_de_Presupuesto\VerPresup01.jpg
Compras\Otras_Opciones_de_Compra\SolicCompRecha01.jpg
Compras\Otras_Opciones_de_Compra\bCancelar.jpg
Compras\Recepci_n_y_Reclamo\RegDocDev01.jpg
Compras\Proceso_de_Compra\bSiguiente--.jpg
Compras\Proceso_de_Compra\bActuliPubli.jpg
Compras\Proceso_de_Compra\PubliComp16.jpg
Compras\Proceso_de_Compra\PubliComp05.jpg
Compras\Cat_logos\GrupCriterios02.jpg
Compras\Cat_logos\TipOComp01.jpg
Compras\Cat_logos\Solicitantes04.jpg
Compras\Cat_logos\TipSolic03.jpg
Contabilidad\Cat_logos\Mascara_cuentas_detalle.JPG
Contabilidad\Consultas\Balance_comprobacion.JPG
Contabilidad\Consultas\Poliza_contable_reporte.JPG
Par_metros_RH\Par_metros_Generales\ParamGeneales2.jpg
Planilla_Presupuestaria\Operaci_n\Escenarios15.jpg
Expediente_Y_N_mina\Operaci_n\BolLiqLab2.jpg
Expediente_Y_N_mina\Operaci_n\LiqPer3.jpg
Expediente_Y_N_mina\Operaci_n\RegRelCal1.jpg
Expediente_Y_N_mina\Operaci_n\Icono10.jpg
Expediente_Y_N_mina\Operaci_n\Icono5.jpg
Expediente_Y_N_mina\Operaci_n\MantEmpleados4.jpg
Administraci_n_de_Puestos\Valoraci_n_de_Puestos\GragSalBaseTipoPtos1.jpg
Administraci_n_de_Puestos\Valoraci_n_de_Puestos\CuadResp2.jpg
Administraci_n_de_Puestos\Valoraci_n_de_Puestos\CuadSolucProb2.jpg
Administraci_n_de_Puestos\Valoraci_n_de_Puestos\GragHistValPuestos2.jpg
Administraci_n_de_Puestos\Descripci_n_de_Puestos\PuestExterno1.jpg
Administraci_n_de_Puestos\Descripci_n_de_Puestos\Conocim1.jpg
Administraci_n_de_Plazas\Operaci_n\RegMovPlaza2.jpg
Administraci_n_de_Plazas\Cat_logos\MaestPuestPresup1.jpg
Autogesti_n\Autogesti_n\SolicApertConc1.jpg
Autogesti_n\Autogesti_n\Boton12.jpg
Autogesti_n\Autogesti_n\Boton6.jpg
Estructura_Salarial\Cat_logos\Boton3.jpg
Estructura_Salarial\Cat_logos\CreaMantEscaSalariales2.jpg
Recepci_n_de_Pagos\Operaci_n\Boton3.jpg
Par_metros_RH\Estructura_Organizacional\Puestos7.jpg
Par_metros_RH\Estructura_Organizacional\TipExp2.jpg
Par_metros_RH\Estructura_Organizacional\Boton3.jpg
Par_metros_RH\Administraci_n_de_N_mina\TiposDeduc1.jpg
Presupuesto\Reportes\RepLiqPerPresup01.jpg
Presupuesto\Consultas\ConRechazPresup03.jpg
Presupuesto\Transacciones_de_Presupuesto\CancNRPAprobSinApli03.jpg
Presupuesto\Transacciones_de_Presupuesto\RegTrasPresup01.jpg
Presupuesto\Formulaci_n_de_Presupuesto\ExpEjecRealPer01.jpg
Presupuesto\Formulaci_n_de_Presupuesto\bSolicXMes.jpg
Presupuesto\Formulaci_n_de_Presupuesto\VerPresup02.jpg
Presupuesto\Formulaci_n_de_Presupuesto\bAprobLiq.jpg
Presupuesto\Formulaci_n_de_Presupuesto\LiqPerPresup01.jpg
Compras\Otras_Opciones_de_Compra\SolicCompRecha02.jpg
Compras\Recepci_n_y_Reclamo\TrabRecl01.jpg
Compras\Recepci_n_y_Reclamo\RegDocDev02.jpg
Compras\Proceso_de_Compra\OrdComp01.jpg
Compras\Proceso_de_Compra\PubliComp06.jpg
Compras\Cat_logos\Solicitantes05.jpg
Compras\Cat_logos\TipSolic04.jpg
Contabilidad\Consultas\Balance_general_reporte1.JPG
Contabilidad\Procesos\Reversar_documentos.JPG
Par_metros_RH\Par_metros_Generales\ParamGeneales3.jpg
Planilla_Presupuestaria\Operaci_n\Escenarios16.jpg
Planilla_Presupuestaria\Operaci_n\Escenarios1.jpg
Expediente_Y_N_mina\Operaci_n\LiqPer4.jpg
Expediente_Y_N_mina\Operaci_n\Boton10.jpg
Expediente_Y_N_mina\Operaci_n\RegRelCal2.jpg
Expediente_Y_N_mina\Operaci_n\Icono11.jpg
Expediente_Y_N_mina\Operaci_n\RegRelAument1.jpg
Expediente_Y_N_mina\Operaci_n\Icono6.jpg
Expediente_Y_N_mina\Operaci_n\RegAccPersonal1.jpg
Expediente_Y_N_mina\Operaci_n\MantEmpleados5.jpg
Administraci_n_de_Puestos\Valoraci_n_de_Puestos\GragSalBaseTipoPtos2.jpg
Administraci_n_de_Puestos\Valoraci_n_de_Puestos\GragSalBasePtos1.jpg
Administraci_n_de_Puestos\Descripci_n_de_Puestos\Ocupaciones1.jpg
Administraci_n_de_Puestos\Descripci_n_de_Puestos\Conocim2.jpg
Autogesti_n\Autogesti_n\SolicApertConc2.jpg
Autogesti_n\Autogesti_n\Boton13.jpg
Autogesti_n\Autogesti_n\CitasMedi1.jpg
Autogesti_n\Autogesti_n\AprobTram1.jpg
Autogesti_n\Autogesti_n\Boton7.jpg
Autogesti_n\Autogesti_n\MiExp1.JPG
Estructura_Salarial\Cat_logos\EstrucSalarial1.jpg
Estructura_Salarial\Cat_logos\CreaMantEscaSalariales3.jpg
Recepci_n_de_Pagos\Operaci_n\Boton4.jpg
Par_metros_RH\Estructura_Organizacional\Puestos8.jpg
Par_metros_RH\Estructura_Organizacional\TipExp3.jpg
Par_metros_RH\Estructura_Organizacional\Boton4.jpg
Par_metros_RH\Estructura_Organizacional\Feridados1.jpg
Par_metros_RH\Administraci_n_de_N_mina\Icono1.jpg
Presupuesto\Reportes\RepLiqPerPresup02.jpg
Presupuesto\Consultas\ConAutorPresup01.jpg
Presupuesto\Transacciones_de_Presupuesto\CancNRPAprobSinApli04.jpg
Presupuesto\Transacciones_de_Presupuesto\bPeso.jpg
Presupuesto\Transacciones_de_Presupuesto\RegTrasPresup02.jpg
Presupuesto\Formulaci_n_de_Presupuesto\ExpEjecRealPer02.jpg
Presupuesto\Formulaci_n_de_Presupuesto\VerPresup03.jpg
Presupuesto\Formulaci_n_de_Presupuesto\LiqPerPresup02.jpg
Compras\C_lculo_de_Importaci_n\bCalcular.jpg
Compras\C_lculo_de_Importaci_n\RegTransac01.jpg
Compras\Otras_Opciones_de_Compra\OrdCompRecha01.jpg
Compras\Recepci_n_y_Reclamo\TrabRecl02.jpg
Compras\Proceso_de_Compra\OrdComp02.jpg
Compras\Proceso_de_Compra\EvaCotiz01.jpg
Compras\Proceso_de_Compra\PubliComp07.jpg
Compras\Cat_logos\TipTransac01.jpg
Contabilidad\Cat_logos\Monedas.JPG
Contabilidad\Consultas\Balance_comprobacion_reporte.JPG
Contabilidad\Cat_logos\Subcuenta.JPG
Contabilidad\Procesos\Registro_documentos_contablesDet.JPG
Par_metros_RH\Par_metros_Generales\ParamGeneales4.jpg
Planilla_Presupuestaria\Operaci_n\Escenarios17.jpg
Planilla_Presupuestaria\Operaci_n\Escenarios2.jpg
Expediente_Y_N_mina\Operaci_n\LiqPer5.jpg
Expediente_Y_N_mina\Operaci_n\CambFechaAnulVac1.jpg
Expediente_Y_N_mina\Operaci_n\Boton11.jpg
Expediente_Y_N_mina\Operaci_n\RegRelCal3.jpg
Expediente_Y_N_mina\Operaci_n\Icono12.jpg
Expediente_Y_N_mina\Operaci_n\RegRelAument2.jpg
Expediente_Y_N_mina\Operaci_n\Icono7.jpg
Expediente_Y_N_mina\Operaci_n\Boton1.jpg
Expediente_Y_N_mina\Operaci_n\RegAccPersonal2.jpg
Expediente_Y_N_mina\Operaci_n\MantEmpleados6.jpg
Administraci_n_de_Puestos\Valoraci_n_de_Puestos\GragSalBasePtos2.jpg
Administraci_n_de_Puestos\Valoraci_n_de_Puestos\CuadHabilid1.jpg
Administraci_n_de_Puestos\Descripci_n_de_Puestos\Puesto10.jpg
Administraci_n_de_Puestos\Descripci_n_de_Puestos\Niveles1.jpg
Autogesti_n\Desarrollo\AutoMatriCursos1.jpg
Autogesti_n\Desarrollo\EvalDesempPend1.jpg
Autogesti_n\Autogesti_n\Boton14.jpg
Autogesti_n\Autogesti_n\CitasMedi2.jpg
Autogesti_n\Autogesti_n\AprobTram2.jpg
Autogesti_n\Autogesti_n\Boton8.jpg
Autogesti_n\Autogesti_n\IniciarTram1.jpg
Autogesti_n\Autogesti_n\MiExp2.JPG
Estructura_Salarial\Cat_logos\EstrucSalarial2.jpg
Estructura_Salarial\Cat_logos\CreaMantEscaSalariales4.jpg
Recepci_n_de_Pagos\Cat_logos\FormatosExp1.jpg
Recepci_n_de_Pagos\Operaci_n\Boton5.jpg
Par_metros_RH\Estructura_Organizacional\Puestos9.jpg
Par_metros_RH\Estructura_Organizacional\TipExp4.jpg
Par_metros_RH\Estructura_Organizacional\Boton5.jpg
Par_metros_RH\Estructura_Organizacional\Feridados2.jpg
Par_metros_RH\Administraci_n_de_N_mina\Icono2.jpg
Par_metros_RH\Administraci_n_de_N_mina\CertifRH1.jpg
Presupuesto\Consultas\ConAutorPresup02.jpg
Presupuesto\Transacciones_de_Presupuesto\CancNRPAprobSinApli05.jpg
Presupuesto\Transacciones_de_Presupuesto\RegTrasPresup03.jpg
Presupuesto\Transacciones_de_Presupuesto\bNoPresupDispo.jpg
Presupuesto\Formulaci_n_de_Presupuesto\bProyectar.jpg
Presupuesto\Formulaci_n_de_Presupuesto\VerPresup04.jpg
Presupuesto\Formulaci_n_de_Presupuesto\bExaminar.jpg
Presupuesto\Formulaci_n_de_Presupuesto\CtasVincul01.jpg
Presupuesto\Formulaci_n_de_Presupuesto\LiqPerPresup03.jpg
Compras\C_lculo_de_Importaci_n\PolDesalm01.jpg
Compras\C_lculo_de_Importaci_n\RegTransac02.jpg
Compras\Otras_Opciones_de_Compra\OrdCompRecha02.jpg
Compras\Otras_Opciones_de_Compra\bLupa.jpg
Compras\Recepci_n_y_Reclamo\TrabRecl03.jpg
Compras\Proceso_de_Compra\EvaCotiz02.jpg
Compras\Proceso_de_Compra\PubliComp08.jpg
Compras\Cat_logos\Compradores01.jpg
Contabilidad\Consultas\Balance_general.JPG
Par_metros_RH\Par_metros_Generales\ParamGeneales5.jpg
Planilla_Presupuestaria\Operaci_n\Escenarios18.jpg
Planilla_Presupuestaria\Operaci_n\Escenarios3.jpg
Expediente_Y_N_mina\Operaci_n\CambFechaAnulVac2.jpg
Expediente_Y_N_mina\Operaci_n\Boton12.jpg
Expediente_Y_N_mina\Operaci_n\AprobTr_mites1.jpg
Expediente_Y_N_mina\Operaci_n\RegRelCalEsp1.jpg
Expediente_Y_N_mina\Operaci_n\RegRelCal4.jpg
Expediente_Y_N_mina\Operaci_n\Icono13.jpg
Expediente_Y_N_mina\Operaci_n\RegRelAument3.jpg
Expediente_Y_N_mina\Operaci_n\Icono8.jpg
Expediente_Y_N_mina\Operaci_n\Boton2.jpg
Expediente_Y_N_mina\Operaci_n\RegAccPersonal3.jpg
Expediente_Y_N_mina\Operaci_n\MantEmpleados7.jpg
Administraci_n_de_Puestos\Valoraci_n_de_Puestos\CuadHabilid2.jpg
Administraci_n_de_Puestos\Descripci_n_de_Puestos\DatosVar1.jpg
Administraci_n_de_Puestos\Descripci_n_de_Puestos\Puesto11.jpg
Administraci_n_de_Puestos\Descripci_n_de_Puestos\Boton1.jpg
Autogesti_n\Desarrollo\AutoMatriCursos2.jpg
Autogesti_n\Desarrollo\EvalDesempPend2.jpg
Autogesti_n\Autogesti_n\Boton15.jpg
Autogesti_n\Autogesti_n\CitasMedi3.jpg
Autogesti_n\Autogesti_n\AprobTram3.jpg
Autogesti_n\Autogesti_n\Boton9.jpg
Autogesti_n\Autogesti_n\IniciarTram2.jpg
Autogesti_n\Autogesti_n\MiExp3.JPG
Estructura_Salarial\Cat_logos\EstrucSalarial3.jpg
Estructura_Salarial\Cat_logos\CreaMantEscaSalariales5.jpg
Recepci_n_de_Pagos\Operaci_n\Boton6.jpg
Recepci_n_de_Pagos\Operaci_n\ExpArchiNom1.jpg
Par_metros_RH\Estructura_Organizacional\TipExp5.jpg
Par_metros_RH\Estructura_Organizacional\Boton6.jpg
Par_metros_RH\Administraci_n_de_N_mina\Icono3.jpg
Par_metros_RH\Administraci_n_de_N_mina\CertifRH2.jpg
Par_metros_RH\Administraci_n_de_N_mina\CargaOP1.jpg
Presupuesto\Reportes\RepVerFormul01.jpg
Presupuesto\Consultas\ConAutorPresup03.jpg
Presupuesto\Transacciones_de_Presupuesto\RegTrasPresup04.jpg
Presupuesto\Formulaci_n_de_Presupuesto\VerPresup05.jpg
Presupuesto\Formulaci_n_de_Presupuesto\CtasVincul02.jpg
Compras\C_lculo_de_Importaci_n\PolDesalm02.jpg
Compras\C_lculo_de_Importaci_n\bAnular.jpg
Compras\Otras_Opciones_de_Compra\OrdCompRecha03.jpg
Compras\Otras_Opciones_de_Compra\ReimpOrdComp01.jpg
Compras\Recepci_n_y_Reclamo\LiqSalOC01.jpg
Compras\Recepci_n_y_Reclamo\TrabRecl04.jpg
Compras\Recepci_n_y_Reclamo\bRepReclamos.jpg
Compras\Recepci_n_y_Reclamo\bAgregarContinuar.jpg
Compras\Proceso_de_Compra\EvaCotiz03.jpg
Compras\Proceso_de_Compra\PubliComp09.jpg
Compras\Proceso_de_Compra\bCarpetaVerde.jpg
Compras\Cat_logos\Compradores02.jpg
Contabilidad\Cat_logos\Mascara_cuentas.JPG
default_ns.css
whxdata\whtdata0.xml
whxdata\whftdata0.xml
whxdata\whfwdata0.xml
whdata\whtdata0.htm
whdata\whftdata0.htm
whdata\whfwdata0.htm
Compras.htm
Compras_rhc.htm
