|SourceProjectName:NewProject.hpr
|DestinationProjectName:NewProject.htm
whutils.js
whver.js
whmozemu.js
wf_startpage.js
whtopic.js
whskin_tw.htm
wf_master.js
wf_dispatcher.js
wf_dispatcher.vbs
wf_startfs.htm
wf_bottom.htm
wf_contentfs.htm
wf_comm.htm
wf_hiddenfs.htm
wf_flashinstall.htm
wf_flashupgrade.htm
wf_checkflash.htm
wf_toolbar.htm
wf_navbar.htm
wf_navframe.htm
wf_navpane.htm
wf_master.htm
wf_skin.htm
wf_poweredby.htm
wfres.xml
wf_njs.htm
wf_pickup.htm
wf_blank.htm
wf_master.swf
wf_toolbar.swf
wf_navbar.swf
wf_navpane.swf
wf_skin.swf
wf_param_passer.swf
wf_poweredby.swf
wf_detectFlash.swf
wf_waitv6.swf
wf_toc.swf
wf_tocui.swf
wf_tocxml.swf
wf_index.swf
wf_indexui.swf
wf_indexxml.swf
wf_glossary.swf
wf_glossaryui.swf
wf_glossaryxml.swf
wf_search.swf
wf_searchui.swf
wf_searchxml.swf
wf_system_stock_aboutbox.swf
wf_system_stock_poweredby.swf
wf_flash_get.gif
wf_favicon.ico
wf_topics.css
whproj.xml
whxdata\whtoc.xml
whxdata\whidx.xml
whxdata\whfts.xml
whxdata\whglo.xml
whgdata\whnvp30.htm
whgdata\whnvp31.htm
whgdata\whnvp32.htm
whgdata\whnvp33.htm
whgdata\whnvt30.htm
whgdata\whnvt31.htm
whgdata\whnvt32.htm
whgdata\whnvt33.htm
whgdata\whnvf30.htm
whgdata\whnvf31.htm
whgdata\whnvf32.htm
whgdata\whnvf33.htm
whgdata\whnvl31.htm
whgdata\whnvl32.htm
whgdata\whnvl33.htm
whgdata\whexpbar.gif
cshdat_webhelp.htm
whcsh_home.htm
whcshdata.htm
wht_tab0.gif
wht_tab1.gif
wht_tab2.gif
wht_tab3.gif
wht_tab4.gif
wht_tab5.gif
wht_tab6.gif
wht_tab7.gif
wht_tab8.gif
wht_toc1.gif
wht_toc2.gif
wht_toc3.gif
wht_toc4.gif
FlashHelp_Default.fhs
skin_aboutBox.swf
skin_background_nav.swf
skin_background_navpane.swf
skin_background_tb.swf
skin_button_nav_close.swf
skin_button_nav_next.swf
skin_button_nav_previous.swf
skin_button_nav_sync.swf
skin_button_tb_glossary.swf
skin_button_tb_index.swf
skin_button_tb_poweredBy.swf
skin_button_tb_print.swf
skin_button_tb_search.swf
skin_button_tb_toc.swf
skin_glossary.swf
skin_index.swf
skin_scrollbar.swf
skin_search.swf
skin_textField.swf
skin_textNode.swf
skin_TOC.swf
wht_toc4_1.gif
wht_toc1_1.gif
wht_toc2_1.gif
wht_toc3_1.gif
cws_pnbtn8_1.gif
cws_pnbtn9_1.gif
NewProject_hha.hhk
NewProject.hhc
NewProject.hhk
Cuentas_Mayor.htm
SIF_HELP.htm
RoboHHRE.lng
NewProject.glo
default.css
ehlpdhtm.js
NewProject.ppf
default_ns.css
whxdata\whtdata0.xml
whxdata\whftdata0.xml
whxdata\whfwdata0.xml
whxdata\whgdata0.xml
whgdata\whlstt0.htm
whgdata\whlsti0.htm
whgdata\whlstfl0.htm
whgdata\whlstfl1.htm
whgdata\whlstfl2.htm
whgdata\whlstfl3.htm
whgdata\whlstfl4.htm
whgdata\whlstfl5.htm
whgdata\whlstfl6.htm
whgdata\whlstfl7.htm
whgdata\whlstfl8.htm
whgdata\whlstfl9.htm
whgdata\whlstfl10.htm
whgdata\whlstfl11.htm
whgdata\whlstfl12.htm
whgdata\whlstfl13.htm
whgdata\whlstf0.htm
whgdata\whlstg0.htm
NewProject.htm
NewProject_csh.htm
