|SourceProjectName:SIF.hpr
|DestinationProjectName:SIF.htm
whhost.js
whmsg.js
whmozemu.js
whproxy.js
whstub.js
whutils.js
whver.js
whform.js
whphost.js
whstart.js
whtopic.js
whframes.js
whlang.js
whskin_info.htm
whskin_blank.htm
whskin_pickup.htm
whskin_homepage.htm
whskin_tw.htm
whnjs.htm
whthost.js
whtdhtml.htm
whihost.js
whibody.htm
whiform.htm
whfhost.js
whfbody.htm
whfform.htm
whghost.js
whgbody.htm
whgdhtml.htm
whgdef.htm
whproj.js
whproj.xml
whproj.htm
whxdata\whtoc.xml
whxdata\whidx.xml
whxdata\whfts.xml
whxdata\whglo.xml
whdata\whtoc.js
whdata\whtoc.htm
whdata\whtdata.js
whdata\whidx.js
whdata\whidx.htm
whdata\whidata.js
whdata\whfts.js
whdata\whfts.htm
whdata\whglo.js
whdata\whglo.htm
whdata\whgdata.js
whdata\whftdata.js
whdata\whfwdata.js
whres.xml
WebHelp.jar
WebHelp.cab
cshdat_robohelp.htm
wht_tab0.gif
wht_tab1.gif
wht_tab2.gif
wht_tab3.gif
wht_tab4.gif
wht_tab5.gif
wht_tab6.gif
wht_tab7.gif
wht_tab8.gif
wht_glo_h.gif
wht_glo_n.gif
wht_fts_h.gif
wht_fts_n.gif
wht_idx_h.gif
wht_idx_n.gif
wht_toc_h.gif
wht_toc_n.gif
wht_ws.gif
wht_ws_g.gif
wht_logo1.gif
wht_logo2.gif
wht_abgw.jpg
wht_abgi.jpg
wht_abge.jpg
wht_abtw.jpg
wht_abte.jpg
wht_abti.jpg
wht_spac.gif
wht_next.gif
wht_next_g.gif
wht_prev.gif
wht_prev_g.gif
wht_sync.gif
wht_hide.gif
wht_go.gif
whstart.ico
whestart.ico
whrstart.ico
whidhtml.htm
whfdhtml.htm
whskin_banner.htm
whtbar.js
whskin_pdhtml.htm
whskin_papplet.htm
whskin_plist.htm
whskin_tbars.htm
whskin_mbars.htm
wht_toc4.gif
wht_toc1.gif
wht_toc2.gif
wht_toc3.gif
whskin_frmset010.htm
whst_topics.xml
whskin_frmset01.htm
whskin_ep_ins.xml
whskin_ep_start.htm
SIF_hha.hhk
SIF.hhc
SIF.hhk
Balance_comprobacion.htm
Balance_general.htm
Catalogo_cuentas.htm
Cierre_auxiliar.htm
Cierre_mes_contable.htm
Concepto_contable.htm
Cuentas_contables.htm
Cuentas_financieras.htm
Cuentas_Mayor.htm
Historico_tipo_cambio.htm
Introduccion.htm
Mascaras_cuentas.htm
Monedas.htm
Poliza_contable.htm
Registro_Documentos_Contables.htm
Reversar_documentos_contables.htm
Saldos_movimientos.htm
Sistema_Financiero_Integrado.htm
Subcuentas.htm
eHelp.xml
RoboHHRE.lng
SIF.glo
microsoft.css
Cuentas_financieras_2.JPG
Balance_general_reporte1.JPG
Poliza_contable_reporte.JPG
Catalogos_cuentas.JPG
Mascara_cuentas_detalle.JPG
Conceptos_contables.JPG
Cierre_auxiliar.JPG
Reversar_documentos.JPG
Subcuenta.JPG
Cuentas_financieras.JPG
Cfinclude.gif
Registro_documentos_contables.JPG
Balance_general.JPG
Cuentas_contables2.JPG
Saldos_movimientos_reporte.JPG
Balance_comprobacion.JPG
Mascara_cuentas.JPG
Balance_comprobacion_reporte.JPG
Historico_tipo_cambio.JPG
Registro_documentos_contablesDet.JPG
image1.gif
Cuentas_contables.JPG
Cuentas_mayor.JPG
Cierre_mes_contable.JPG
image2.gif
image3.gif
Poliza_contable.JPG
Saldos_movimientos.JPG
Monedas.JPG
Catalogos_cuentas_encab.JPG
Cuentas_mayor_hijas.JPG
findsmall.gif
microsoft_ns.css
whxdata\whtdata0.xml
whxdata\whidata0.xml
whxdata\whftdata0.xml
whxdata\whfwdata0.xml
whdata\whtdata0.htm
whdata\whidata0.htm
whdata\whftdata0.htm
whdata\whfwdata0.htm
SIF.htm
SIF_rhc.htm
